<?xml version="1.0" encoding="UTF-8"?>
<!-- Generated by org.testng.reporters.JUnitReportReporter -->
<testsuite hostname="LAPTOP-TM6K18J0" failures="0" tests="1" name="com.qa.api.basicauth.tests.BasicAuthTest" time="4.305" errors="0" timestamp="2024-10-24T11:16:06 IST" skipped="0">
  <testcase classname="com.qa.api.basicauth.tests.BasicAuthTest" name="basicAuthTest" time="4.305"/>
</testsuite> <!-- com.qa.api.basicauth.tests.BasicAuthTest -->
