<?xml version="1.0" encoding="UTF-8"?>
<!-- Generated by org.testng.reporters.JUnitReportReporter -->
<testsuite hostname="LAPTOP-TM6K18J0" failures="0" tests="7" name="com.qa.api.tests.CreateUserTest" time="3.374" errors="0" timestamp="2024-11-10T15:11:50 IST" skipped="1">
  <testcase classname="com.qa.api.tests.CreateUserTest" name="createUserTest" time="0.353"/>
  <testcase classname="com.qa.api.tests.CreateUserTest" name="createUserTestWithBuilder" time="0.733"/>
  <testcase classname="com.qa.api.tests.CreateUserTest" name="createUserTest" time="0.356"/>
  <testcase classname="com.qa.api.tests.CreateUserTest" name="createUserTest" time="0.522"/>
  <testcase classname="com.qa.api.tests.CreateUserTest" name="createUserTestWithBuilder" time="0.795"/>
  <testcase classname="com.qa.api.tests.CreateUserTest" name="createUserTestWithBuilder" time="0.615"/>
  <testcase classname="com.qa.api.tests.CreateUserTest" name="createUserTestWithFile">
    <skipped/>
  </testcase> <!-- createUserTestWithFile -->
</testsuite> <!-- com.qa.api.tests.CreateUserTest -->
