<?xml version="1.0" encoding="UTF-8"?>
<!-- Generated by org.testng.reporters.JUnitReportReporter -->
<testsuite hostname="LAPTOP-TM6K18J0" failures="0" tests="1" name="com.qa.api.tests.UserApiTestWithDynamicJsonFile" time="3.525" errors="0" timestamp="2024-10-26T19:29:44 IST" skipped="0">
  <testcase classname="com.qa.api.tests.UserApiTestWithDynamicJsonFile" name="createUserWithJsonFileTest" time="3.525"/>
</testsuite> <!-- com.qa.api.tests.UserApiTestWithDynamicJsonFile -->
