<?xml version="1.0" encoding="UTF-8"?>
<!-- Generated by org.testng.reporters.JUnitReportReporter -->
<testsuite hostname="LAPTOP-TM6K18J0" failures="0" tests="7" name="com.qa.api.tests.CreateUserTest" time="4.728" errors="0" timestamp="2024-11-09T19:29:34 IST" skipped="1">
  <testcase classname="com.qa.api.tests.CreateUserTest" name="createUserTestWithBuilder" time="0.784"/>
  <testcase classname="com.qa.api.tests.CreateUserTest" name="createUserTestWithBuilder" time="1.568"/>
  <testcase classname="com.qa.api.tests.CreateUserTest" name="createUserTest" time="0.408"/>
  <testcase classname="com.qa.api.tests.CreateUserTest" name="createUserTest" time="0.387"/>
  <testcase classname="com.qa.api.tests.CreateUserTest" name="createUserTest" time="0.433"/>
  <testcase classname="com.qa.api.tests.CreateUserTest" name="createUserTestWithBuilder" time="1.148"/>
  <testcase classname="com.qa.api.tests.CreateUserTest" name="createUserTestWithFile">
    <skipped/>
  </testcase> <!-- createUserTestWithFile -->
</testsuite> <!-- com.qa.api.tests.CreateUserTest -->
