<?xml version="1.0" encoding="UTF-8"?>
<!-- Generated by org.testng.reporters.JUnitReportReporter -->
<testsuite hostname="LAPTOP-TM6K18J0" failures="0" tests="3" name="com.qa.api.tests.UpdateUserTest" time="4.917" errors="0" timestamp="2024-11-10T15:11:50 IST" skipped="0">
  <testcase classname="com.qa.api.tests.UpdateUserTest" name="updateUserTestWithBuilder" time="1.270"/>
  <testcase classname="com.qa.api.tests.UpdateUserTest" name="updateUserTestWithBuilder" time="1.082"/>
  <testcase classname="com.qa.api.tests.UpdateUserTest" name="updateUserTestWithBuilder" time="2.565"/>
</testsuite> <!-- com.qa.api.tests.UpdateUserTest -->
