<?xml version="1.0" encoding="UTF-8"?>
<!-- Generated by org.testng.reporters.JUnitReportReporter -->
<testsuite hostname="LAPTOP-TM6K18J0" failures="0" tests="7" name="com.qa.api.tests.CreateUserTest" time="7.961" errors="0" timestamp="2024-11-05T21:14:35 IST" skipped="1">
  <testcase classname="com.qa.api.tests.CreateUserTest" name="createUserTestWithBuilder" time="1.132"/>
  <testcase classname="com.qa.api.tests.CreateUserTest" name="createUserTest" time="0.747"/>
  <testcase classname="com.qa.api.tests.CreateUserTest" name="createUserTest" time="2.547"/>
  <testcase classname="com.qa.api.tests.CreateUserTest" name="createUserTestWithBuilder" time="0.810"/>
  <testcase classname="com.qa.api.tests.CreateUserTest" name="createUserTest" time="0.541"/>
  <testcase classname="com.qa.api.tests.CreateUserTest" name="createUserTestWithBuilder" time="2.184"/>
  <testcase classname="com.qa.api.tests.CreateUserTest" name="createUserTestWithFile">
    <skipped/>
  </testcase> <!-- createUserTestWithFile -->
</testsuite> <!-- com.qa.api.tests.CreateUserTest -->
