<?xml version="1.0" encoding="UTF-8"?>
<!-- Generated by org.testng.reporters.JUnitReportReporter -->
<testsuite hostname="LAPTOP-TM6K18J0" failures="0" tests="2" name="com.qa.api.tests.GetUserTest" time="2.443" errors="0" timestamp="2024-11-09T19:29:34 IST" skipped="1">
  <testcase classname="com.qa.api.tests.GetUserTest" name="getUsers" time="2.443"/>
  <testcase classname="com.qa.api.tests.GetUserTest" name="getSingleUser">
    <skipped/>
  </testcase> <!-- getSingleUser -->
</testsuite> <!-- com.qa.api.tests.GetUserTest -->
