<?xml version="1.0" encoding="UTF-8"?>
<!-- Generated by org.testng.reporters.JUnitReportReporter -->
<testsuite hostname="LAPTOP-TM6K18J0" failures="0" tests="1" name="com.qa.api.schemavalidator.tests.ProductApiSchemaTest" time="3.745" errors="0" timestamp="2024-10-24T22:29:59 IST" skipped="0">
  <testcase classname="com.qa.api.schemavalidator.tests.ProductApiSchemaTest" name="getProductsAPISchemaTest" time="3.745"/>
</testsuite> <!-- com.qa.api.schemavalidator.tests.ProductApiSchemaTest -->
