<?xml version="1.0" encoding="UTF-8"?>
<!-- Generated by org.testng.reporters.JUnitReportReporter -->
<testsuite hostname="LAPTOP-TM6K18J0" failures="0" tests="1" name="com.qa.api.tests.DeleteUserTest" time="1.393" errors="0" timestamp="2024-11-10T15:11:50 IST" skipped="0">
  <testcase classname="com.qa.api.tests.DeleteUserTest" name="deleteUserTestWithBuilder" time="1.393"/>
</testsuite> <!-- com.qa.api.tests.DeleteUserTest -->
