<?xml version="1.0" encoding="UTF-8"?>
<!-- Generated by org.testng.reporters.JUnitReportReporter -->
<testsuite hostname="LAPTOP-TM6K18J0" failures="0" tests="2" name="com.qa.products.api.tests.ProductAPITest" time="1.413" errors="0" timestamp="2024-11-10T15:11:50 IST" skipped="0">
  <testcase classname="com.qa.products.api.tests.ProductAPITest" name="getProductsAPITest" time="0.738"/>
  <testcase classname="com.qa.products.api.tests.ProductAPITest" name="getProductsAPILimitTest" time="0.675"/>
</testsuite> <!-- com.qa.products.api.tests.ProductAPITest -->
