<?xml version="1.0" encoding="UTF-8"?>
<!-- Generated by org.testng.reporters.JUnitReportReporter -->
<testsuite hostname="LAPTOP-TM6K18J0" failures="0" tests="1" name="com.qa.products.api.tests.ProductTestWithJsonPathValidator" time="0.973" errors="0" timestamp="2024-10-24T15:02:45 IST" skipped="0">
  <testcase classname="com.qa.products.api.tests.ProductTestWithJsonPathValidator" name="getProductTest" time="0.973"/>
</testsuite> <!-- com.qa.products.api.tests.ProductTestWithJsonPathValidator -->
