<?xml version="1.0" encoding="UTF-8"?>
<!-- Generated by org.testng.reporters.JUnitReportReporter -->
<testsuite hostname="LAPTOP-TM6K18J0" failures="0" tests="1" name="com.qa.api.schemavalidator.tests.ContactApiSchemaTest" time="4.700" errors="0" timestamp="2024-10-24T22:39:50 IST" skipped="0">
  <testcase classname="com.qa.api.schemavalidator.tests.ContactApiSchemaTest" name="createUserTestWithBuilder" time="4.700"/>
</testsuite> <!-- com.qa.api.schemavalidator.tests.ContactApiSchemaTest -->
