<?xml version="1.0" encoding="UTF-8"?>
<!-- Generated by org.testng.reporters.JUnitReportReporter -->
<testsuite hostname="LAPTOP-TM6K18J0" failures="0" tests="1" name="com.qa.products.api.tests.ProductAPITestWithDeserialization" time="0.906" errors="0" timestamp="2024-11-09T19:29:34 IST" skipped="0">
  <testcase classname="com.qa.products.api.tests.ProductAPITestWithDeserialization" name="getProductsTest" time="0.906"/>
</testsuite> <!-- com.qa.products.api.tests.ProductAPITestWithDeserialization -->
