<?xml version="1.0" encoding="UTF-8"?>
<!-- Generated by org.testng.reporters.JUnitReportReporter -->
<testsuite hostname="LAPTOP-TM6K18J0" failures="0" tests="3" name="com.qa.api.tests.UpdateUserTest" time="5.563" errors="0" timestamp="2024-11-09T19:29:34 IST" skipped="0">
  <testcase classname="com.qa.api.tests.UpdateUserTest" name="updateUserTestWithBuilder" time="1.425"/>
  <testcase classname="com.qa.api.tests.UpdateUserTest" name="updateUserTestWithBuilder" time="2.455"/>
  <testcase classname="com.qa.api.tests.UpdateUserTest" name="updateUserTestWithBuilder" time="1.683"/>
</testsuite> <!-- com.qa.api.tests.UpdateUserTest -->
