<?xml version="1.0" encoding="UTF-8"?>
<!-- Generated by org.testng.reporters.JUnitReportReporter -->
<testsuite hostname="LAPTOP-TM6K18J0" failures="0" tests="1" name="com.qa.api.mocking.test.MockGetUserApiTest" time="2.288" errors="0" timestamp="2024-11-04T19:33:26 IST" skipped="0">
  <testcase classname="com.qa.api.mocking.test.MockGetUserApiTest" name="getDummyUserWithJsonFileTest" time="2.288"/>
</testsuite> <!-- com.qa.api.mocking.test.MockGetUserApiTest -->
