<?xml version="1.0" encoding="UTF-8"?>
<!-- Generated by org.testng.reporters.JUnitReportReporter -->
<testsuite hostname="LAPTOP-TM6K18J0" failures="0" tests="3" name="com.qa.api.tests.UpdateUserTest" time="6.060" errors="0" timestamp="2024-11-12T01:04:37 IST" skipped="0">
  <testcase classname="com.qa.api.tests.UpdateUserTest" name="updateUserTestWithBuilder" time="1.864"/>
  <testcase classname="com.qa.api.tests.UpdateUserTest" name="updateUserTestWithBuilder" time="1.545"/>
  <testcase classname="com.qa.api.tests.UpdateUserTest" name="updateUserTestWithBuilder" time="2.651"/>
</testsuite> <!-- com.qa.api.tests.UpdateUserTest -->
