<?xml version="1.0" encoding="UTF-8"?>
<!-- Generated by org.testng.reporters.JUnitReportReporter -->
<testsuite hostname="LAPTOP-TM6K18J0" failures="0" tests="3" name="com.qa.api.tests.UpdateUserTest" time="6.612" errors="0" timestamp="2024-11-06T18:59:31 IST" skipped="0">
  <testcase classname="com.qa.api.tests.UpdateUserTest" name="updateUserTestWithBuilder" time="1.292"/>
  <testcase classname="com.qa.api.tests.UpdateUserTest" name="updateUserTestWithBuilder" time="1.805"/>
  <testcase classname="com.qa.api.tests.UpdateUserTest" name="updateUserTestWithBuilder" time="3.515"/>
</testsuite> <!-- com.qa.api.tests.UpdateUserTest -->
