<?xml version="1.0" encoding="UTF-8"?>
<!-- Generated by org.testng.reporters.JUnitReportReporter -->
<testsuite hostname="LAPTOP-TM6K18J0" failures="0" tests="2" name="com.qa.products.api.tests.ProductAPITest" time="1.628" errors="0" timestamp="2024-11-06T18:59:31 IST" skipped="0">
  <testcase classname="com.qa.products.api.tests.ProductAPITest" name="getProductsAPITest" time="0.786"/>
  <testcase classname="com.qa.products.api.tests.ProductAPITest" name="getProductsAPILimitTest" time="0.842"/>
</testsuite> <!-- com.qa.products.api.tests.ProductAPITest -->
