<?xml version="1.0" encoding="UTF-8"?>
<!-- Generated by org.testng.reporters.JUnitReportReporter -->
<testsuite hostname="LAPTOP-TM6K18J0" failures="0" tests="1" name="com.qa.api.tests.PatchUserTest" time="0.907" errors="0" timestamp="2024-11-12T01:04:37 IST" skipped="0">
  <testcase classname="com.qa.api.tests.PatchUserTest" name="patchUserTestWithBuilder" time="0.907"/>
</testsuite> <!-- com.qa.api.tests.PatchUserTest -->
