<?xml version="1.0" encoding="UTF-8"?>
<!-- Generated by org.testng.reporters.JUnitReportReporter -->
<testsuite hostname="LAPTOP-TM6K18J0" failures="0" tests="1" name="com.qa.reqres.api.tests.ReqResTest" time="0.255" errors="0" timestamp="2024-11-12T01:04:37 IST" skipped="0">
  <testcase classname="com.qa.reqres.api.tests.ReqResTest" name="getUserTest" time="0.255"/>
</testsuite> <!-- com.qa.reqres.api.tests.ReqResTest -->
