<?xml version="1.0" encoding="UTF-8"?>
<!-- Generated by org.testng.reporters.JUnitReportReporter -->
<testsuite hostname="LAPTOP-TM6K18J0" failures="0" tests="1" name="com.qa.contacts.api.tests.ContactsTest" time="3.402" errors="0" timestamp="2024-11-06T18:59:31 IST" skipped="0">
  <testcase classname="com.qa.contacts.api.tests.ContactsTest" name="getContactsTest" time="3.402"/>
</testsuite> <!-- com.qa.contacts.api.tests.ContactsTest -->
