<?xml version="1.0" encoding="UTF-8"?>
<!-- Generated by org.testng.reporters.JUnitReportReporter -->
<testsuite hostname="LAPTOP-TM6K18J0" failures="0" tests="7" name="com.qa.api.tests.CreateUserTest" time="4.702" errors="0" timestamp="2024-11-06T18:59:31 IST" skipped="1">
  <testcase classname="com.qa.api.tests.CreateUserTest" name="createUserTest" time="0.486"/>
  <testcase classname="com.qa.api.tests.CreateUserTest" name="createUserTest" time="0.392"/>
  <testcase classname="com.qa.api.tests.CreateUserTest" name="createUserTestWithBuilder" time="1.012"/>
  <testcase classname="com.qa.api.tests.CreateUserTest" name="createUserTest" time="0.502"/>
  <testcase classname="com.qa.api.tests.CreateUserTest" name="createUserTestWithBuilder" time="1.383"/>
  <testcase classname="com.qa.api.tests.CreateUserTest" name="createUserTestWithBuilder" time="0.927"/>
  <testcase classname="com.qa.api.tests.CreateUserTest" name="createUserTestWithFile">
    <skipped/>
  </testcase> <!-- createUserTestWithFile -->
</testsuite> <!-- com.qa.api.tests.CreateUserTest -->
