<?xml version="1.0" encoding="UTF-8"?>
<!-- Generated by org.testng.reporters.JUnitReportReporter -->
<testsuite hostname="LAPTOP-TM6K18J0" failures="0" tests="2" name="com.qa.products.api.tests.ProductAPITest" time="1.527" errors="0" timestamp="2024-11-12T01:04:37 IST" skipped="0">
  <testcase classname="com.qa.products.api.tests.ProductAPITest" name="getProductsAPITest" time="0.803"/>
  <testcase classname="com.qa.products.api.tests.ProductAPITest" name="getProductsAPILimitTest" time="0.724"/>
</testsuite> <!-- com.qa.products.api.tests.ProductAPITest -->
