<?xml version="1.0" encoding="UTF-8"?>
<!-- Generated by org.testng.reporters.JUnitReportReporter -->
<testsuite hostname="LAPTOP-TM6K18J0" failures="0" tests="1" name="com.qa.products.api.tests.ProductTestWithJsonPathValidator" time="0.475" errors="0" timestamp="2024-11-06T18:59:31 IST" skipped="0">
  <testcase classname="com.qa.products.api.tests.ProductTestWithJsonPathValidator" name="getProductTest" time="0.475"/>
</testsuite> <!-- com.qa.products.api.tests.ProductTestWithJsonPathValidator -->
