<?xml version="1.0" encoding="UTF-8"?>
<!-- Generated by org.testng.reporters.JUnitReportReporter -->
<testsuite hostname="LAPTOP-TM6K18J0" failures="0" tests="7" name="com.qa.api.tests.CreateUserTest" time="3.538" errors="0" timestamp="2024-11-12T01:04:37 IST" skipped="1">
  <testcase classname="com.qa.api.tests.CreateUserTest" name="createUserTest" time="0.304"/>
  <testcase classname="com.qa.api.tests.CreateUserTest" name="createUserTest" time="0.407"/>
  <testcase classname="com.qa.api.tests.CreateUserTest" name="createUserTestWithBuilder" time="0.628"/>
  <testcase classname="com.qa.api.tests.CreateUserTest" name="createUserTest" time="0.417"/>
  <testcase classname="com.qa.api.tests.CreateUserTest" name="createUserTestWithBuilder" time="0.713"/>
  <testcase classname="com.qa.api.tests.CreateUserTest" name="createUserTestWithBuilder" time="1.069"/>
  <testcase classname="com.qa.api.tests.CreateUserTest" name="createUserTestWithFile">
    <skipped/>
  </testcase> <!-- createUserTestWithFile -->
</testsuite> <!-- com.qa.api.tests.CreateUserTest -->
